ROM GBA carregada: ADVANCEWARS
game code: AWRE
maker code: 01
header: logo=ok fixed=ok checksum=ok
[GBA][CPU] blocked BX target=0x4000200 mode=0x1f rn=0
[GBA][CPU] blocked BX target=0x4000200 mode=0x1f rn=0
[GBA][CPU] blocked BX target=0x4000200 mode=0x1f rn=0
[GBA][CPU] blocked BX target=0x4000200 mode=0x1f rn=0
[GBA][CPU] blocked BX target=0x4000200 mode=0x1f rn=0
[GBA][CPU] blocked BX target=0x4000200 mode=0x1f rn=0
[GBA][CPU] blocked BX target=0x4000200 mode=0x1f rn=0
[GBA][CPU] blocked BX target=0x4000200 mode=0x1f rn=0
[GBA][CPU] blocked BX target=0x4000200 mode=0x1f rn=0
[GBA][CPU] blocked BX target=0x4000200 mode=0x1f rn=0
[GBA][CPU] blocked BX target=0x4000200 mode=0x1f rn=0
[GBA][CPU] blocked BX target=0x4000200 mode=0x1f rn=0
[GBA][CPU] blocked BX target=0x4000200 mode=0x1f rn=0
[GBA][CPU] blocked BX target=0x4000200 mode=0x1f rn=0
[GBA][CPU] blocked BX target=0x4000200 mode=0x1f rn=0
[GBA][CPU] blocked BX target=0x4000200 mode=0x1f rn=0
[GBA][CPU] blocked BX target=0x4000200 mode=0x1f rn=0
[GBA][CPU] blocked BX target=0x4000200 mode=0x1f rn=0
[GBA][CPU] blocked BX target=0x4000200 mode=0x1f rn=0
[GBA][CPU] blocked BX target=0x4000200 mode=0x1f rn=0
[GBA][CPU] blocked BX target=0x4000200 mode=0x1f rn=0
[GBA][CPU] blocked BX target=0x4000200 mode=0x1f rn=0
[GBA][CPU] blocked BX target=0x4000200 mode=0x1f rn=0
[GBA][CPU] blocked BX target=0x4000200 mode=0x1f rn=0
[GBA][CPU] blocked BX target=0x4000200 mode=0x1f rn=0
[GBA][CPU] blocked BX target=0x4000200 mode=0x1f rn=0
[GBA][CPU] blocked BX target=0x4000200 mode=0x1f rn=0
[GBA][CPU] blocked BX target=0x4000200 mode=0x1f rn=0
[GBA][CPU] blocked BX target=0x4000200 mode=0x1f rn=0
[GBA][CPU] blocked BX target=0x4000200 mode=0x1f rn=0
